Reading netlist file: "C:\Users\Gebruiker\Documents\gomulu_odev\impl\gwsynthesis\gomulu_odev.vg"
Parsing netlist file "C:\Users\Gebruiker\Documents\gomulu_odev\impl\gwsynthesis\gomulu_odev.vg" completed
Processing netlist completed
Reading constraint file: "C:\Users\Gebruiker\Documents\gomulu_odev\src\gomulu_odev.cst"
Physical Constraint parsed completed
Running placement......
[10%] Placement Phase 0 completed
[20%] Placement Phase 1 completed
[30%] Placement Phase 2 completed
[50%] Placement Phase 3 completed
Running routing......
[60%] Routing Phase 0 completed
[70%] Routing Phase 1 completed
[80%] Routing Phase 2 completed
[90%] Routing Phase 3 completed
Running timing analysis......
[95%] Timing analysis completed
Placement and routing completed
Bitstream generation in progress......
Bitstream generation completed
Running power analysis......
[100%] Power analysis completed
Generate file "C:\Users\Gebruiker\Documents\gomulu_odev\impl\pnr\gomulu_odev.power.html" completed
Generate file "C:\Users\Gebruiker\Documents\gomulu_odev\impl\pnr\gomulu_odev.pin.html" completed
Generate file "C:\Users\Gebruiker\Documents\gomulu_odev\impl\pnr\gomulu_odev.rpt.html" completed
Generate file "C:\Users\Gebruiker\Documents\gomulu_odev\impl\pnr\gomulu_odev.rpt.txt" completed
Generate file "C:\Users\Gebruiker\Documents\gomulu_odev\impl\pnr\gomulu_odev.tr.html" completed
Mon May 29 05:06:54 2023

